<?xml version="1.0" encoding="UTF-8" ?>
<testsuite tests="14" failures="0" name="cucumber.Options.TestRunner" time="0.001" errors="0" skipped="0">
  <properties>
    <property name="java.runtime.name" value="Java(TM) SE Runtime Environment"/>
    <property name="sun.boot.library.path" value="C:\Program Files\Java\jdk1.8.0_51\jre\bin"/>
    <property name="java.vm.version" value="25.51-b03"/>
    <property name="java.vm.vendor" value="Oracle Corporation"/>
    <property name="maven.multiModuleProjectDirectory" value="D:\Usman\REST ASSURED\RestAssured Workspace - NEW IDE\APIFramework"/>
    <property name="java.vendor.url" value="http://java.oracle.com/"/>
    <property name="path.separator" value=";"/>
    <property name="guice.disable.misplaced.annotation.check" value="true"/>
    <property name="java.vm.name" value="Java HotSpot(TM) 64-Bit Server VM"/>
    <property name="file.encoding.pkg" value="sun.io"/>
    <property name="user.script" value=""/>
    <property name="user.country" value="US"/>
    <property name="sun.java.launcher" value="SUN_STANDARD"/>
    <property name="sun.os.patch.level" value=""/>
    <property name="java.vm.specification.name" value="Java Virtual Machine Specification"/>
    <property name="user.dir" value="D:\Usman\REST ASSURED\RestAssured Workspace - NEW IDE\APIFramework"/>
    <property name="java.runtime.version" value="1.8.0_51-b16"/>
    <property name="java.awt.graphicsenv" value="sun.awt.Win32GraphicsEnvironment"/>
    <property name="java.endorsed.dirs" value="C:\Program Files\Java\jdk1.8.0_51\jre\lib\endorsed"/>
    <property name="os.arch" value="amd64"/>
    <property name="java.io.tmpdir" value="C:\Users\USMAN_~1\AppData\Local\Temp\"/>
    <property name="line.separator" value="
"/>
    <property name="java.vm.specification.vendor" value="Oracle Corporation"/>
    <property name="user.variant" value=""/>
    <property name="os.name" value="Windows 8.1"/>
    <property name="classworlds.conf" value="D:\Usman\SELENIUM\apache-maven-3.5.0-bin\apache-maven-3.5.0\bin\..\bin\m2.conf"/>
    <property name="sun.jnu.encoding" value="Cp1252"/>
    <property name="java.library.path" value="C:\Program Files\Java\jdk1.8.0_51\bin;C:\WINDOWS\Sun\Java\bin;C:\WINDOWS\system32;C:\WINDOWS;D:\Usman\soapui\axis2-1.6.3\bin;C:\Program Files\Java\jdk1.8.0_51\bin;C:\Ruby21-x64\bin;C:\WINDOWS\system32;C:\WINDOWS;C:\WINDOWS\System32\Wbem;C:\WINDOWS\System32\WindowsPowerShell\v1.0\;C:\Program Files (x86)\Skype\Phone\;D:\Usman\SELENIUM\apache-maven-3.5.0-bin\apache-maven-3.5.0\bin;C:\WINDOWS\System32\OpenSSH\;D:\Usman\SELENIUM\apache-ant-1.9.6-bin\apache-ant-1.9.6\bin;D:\Usman\soapui\axis2-1.6.3\bin;C:\Program Files\Java\jdk1.8.0_51\bin;C:\Ruby21-x64\bin;C:\WINDOWS\system32;C:\WINDOWS;C:\WINDOWS\System32\Wbem;C:\WINDOWS\System32\WindowsPowerShell\v1.0\;C:\Program Files (x86)\Skype\Phone\;D:\Usman\SELENIUM\apache-maven-3.5.0-bin\apache-maven-3.5.0\bin;C:\WINDOWS\System32\OpenSSH\;D:\Usman\SELENIUM\apache-ant-1.9.6-bin\apache-ant-1.9.6\bin;C:\Users\usman_000\AppData\Local\Microsoft\WindowsApps;."/>
    <property name="maven.conf" value="D:\Usman\SELENIUM\apache-maven-3.5.0-bin\apache-maven-3.5.0\bin\../conf"/>
    <property name="java.specification.name" value="Java Platform API Specification"/>
    <property name="java.class.version" value="52.0"/>
    <property name="sun.management.compiler" value="HotSpot 64-Bit Tiered Compilers"/>
    <property name="os.version" value="6.3"/>
    <property name="library.jansi.path" value="D:\Usman\SELENIUM\apache-maven-3.5.0-bin\apache-maven-3.5.0\bin\..\lib\jansi-native\windows64"/>
    <property name="user.home" value="C:\Users\usman_000"/>
    <property name="user.timezone" value="America/Los_Angeles"/>
    <property name="java.awt.printerjob" value="sun.awt.windows.WPrinterJob"/>
    <property name="java.specification.version" value="1.8"/>
    <property name="file.encoding" value="Cp1252"/>
    <property name="user.name" value="usman_000"/>
    <property name="java.class.path" value="D:\Usman\SELENIUM\apache-maven-3.5.0-bin\apache-maven-3.5.0\bin\..\boot\plexus-classworlds-2.5.2.jar"/>
    <property name="java.vm.specification.version" value="1.8"/>
    <property name="sun.arch.data.model" value="64"/>
    <property name="java.home" value="C:\Program Files\Java\jdk1.8.0_51\jre"/>
    <property name="sun.java.command" value="org.codehaus.plexus.classworlds.launcher.Launcher test verify"/>
    <property name="java.specification.vendor" value="Oracle Corporation"/>
    <property name="user.language" value="en"/>
    <property name="awt.toolkit" value="sun.awt.windows.WToolkit"/>
    <property name="java.vm.info" value="mixed mode"/>
    <property name="java.version" value="1.8.0_51"/>
    <property name="java.ext.dirs" value="C:\Program Files\Java\jdk1.8.0_51\jre\lib\ext;C:\WINDOWS\Sun\Java\lib\ext"/>
    <property name="sun.boot.class.path" value="C:\Program Files\Java\jdk1.8.0_51\jre\lib\resources.jar;C:\Program Files\Java\jdk1.8.0_51\jre\lib\rt.jar;C:\Program Files\Java\jdk1.8.0_51\jre\lib\sunrsasign.jar;C:\Program Files\Java\jdk1.8.0_51\jre\lib\jsse.jar;C:\Program Files\Java\jdk1.8.0_51\jre\lib\jce.jar;C:\Program Files\Java\jdk1.8.0_51\jre\lib\charsets.jar;C:\Program Files\Java\jdk1.8.0_51\jre\lib\jfr.jar;C:\Program Files\Java\jdk1.8.0_51\jre\classes"/>
    <property name="sun.stderr.encoding" value="cp437"/>
    <property name="java.vendor" value="Oracle Corporation"/>
    <property name="maven.home" value="D:\Usman\SELENIUM\apache-maven-3.5.0-bin\apache-maven-3.5.0\bin\.."/>
    <property name="file.separator" value="\"/>
    <property name="java.vendor.url.bug" value="http://bugreport.sun.com/bugreport/"/>
    <property name="sun.cpu.endian" value="little"/>
    <property name="sun.io.unicode.encoding" value="UnicodeLittle"/>
    <property name="sun.stdout.encoding" value="cp437"/>
    <property name="sun.desktop" value="windows"/>
    <property name="sun.cpu.isalist" value="amd64"/>
  </properties>
  <testcase classname="| usman | english | world cross center |" name="Given Add Place Payload with &quot;usman&quot; &quot;english&quot; &quot;world cross center&quot;" time="0"/>
  <testcase classname="| usman | english | world cross center |" name="When user calls &quot;addPlaceAPI&quot; with &quot;Post&quot; http request" time="0"/>
  <testcase classname="| usman | english | world cross center |" name="Then the API call got success with status code 200" time="0"/>
  <testcase classname="| usman | english | world cross center |" name="And &quot;status&quot; in response body is &quot;OK&quot;" time="0.001"/>
  <testcase classname="| usman | english | world cross center |" name="And &quot;scope&quot; in response body is &quot;APP&quot;" time="0"/>
  <testcase classname="| usman | english | world cross center |" name="And verify place_Id created maps to &quot;usman&quot; using &quot;getPlaceAPI&quot;" time="0"/>
  <testcase classname="| usman | english | world cross center |" name="| usman | english | world cross center |" time="0"/>
  <testcase classname="| usman1 | english1 | world cross center1 |" name="Given Add Place Payload with &quot;usman1&quot; &quot;english1&quot; &quot;world cross center1&quot;" time="0"/>
  <testcase classname="| usman1 | english1 | world cross center1 |" name="When user calls &quot;addPlaceAPI&quot; with &quot;Post&quot; http request" time="0"/>
  <testcase classname="| usman1 | english1 | world cross center1 |" name="Then the API call got success with status code 200" time="0"/>
  <testcase classname="| usman1 | english1 | world cross center1 |" name="And &quot;status&quot; in response body is &quot;OK&quot;" time="0"/>
  <testcase classname="| usman1 | english1 | world cross center1 |" name="And &quot;scope&quot; in response body is &quot;APP&quot;" time="0"/>
  <testcase classname="| usman1 | english1 | world cross center1 |" name="And verify place_Id created maps to &quot;usman1&quot; using &quot;getPlaceAPI&quot;" time="0"/>
  <testcase classname="| usman1 | english1 | world cross center1 |" name="| usman1 | english1 | world cross center1 |" time="0"/>
</testsuite>